{
"contracts/BasicDutchAuction.sol":{"l":{"18":3,"19":2,"23":13,"24":12,"28":12,"29":11,"33":42,"34":42,"35":42,"36":42,"37":42,"38":42,"39":42,"42":15,"43":1,"45":14,"55":11,"56":10,"57":10,"58":9,"62":9,"65":9,"66":8,"70":9,"72":9,"73":9,"74":9,"75":9,"77":9,"82":2,"83":2,"84":2,"85":2,"87":2},"path":"/Users/riteesh/Desktop/GitHubMain/v1.0/dutchAuction-hardhat/contracts/BasicDutchAuction.sol","s":{"1":3,"2":13,"3":12,"4":15,"5":1,"6":14,"7":11,"8":10,"9":10,"10":9,"11":9,"12":9,"13":8,"14":9,"15":9,"16":9,"17":2},"b":{"1":[2,1],"2":[12,1],"3":[11,1],"4":[1,14],"5":[12,1],"6":[11,1],"7":[10,1],"8":[9,1],"9":[9,0],"10":[9,0],"11":[8,1],"12":[9,0],"13":[2,1]},"f":{"1":3,"2":13,"3":12,"4":42,"5":15,"6":11,"7":2},"fnMap":{"1":{"name":"onlyOwner","line":17,"loc":{"start":{"line":17,"column":4},"end":{"line":20,"column":4}}},"2":{"name":"onlyBeforeEnd","line":22,"loc":{"start":{"line":22,"column":4},"end":{"line":25,"column":4}}},"3":{"name":"onlyWhileOpen","line":27,"loc":{"start":{"line":27,"column":4},"end":{"line":30,"column":4}}},"4":{"name":"constructor","line":32,"loc":{"start":{"line":32,"column":4},"end":{"line":40,"column":4}}},"5":{"name":"getCurrentPrice","line":41,"loc":{"start":{"line":41,"column":0},"end":{"line":46,"column":0}}},"6":{"name":"bid","line":54,"loc":{"start":{"line":54,"column":4},"end":{"line":78,"column":0}}},"7":{"name":"endAuction","line":81,"loc":{"start":{"line":81,"column":4},"end":{"line":88,"column":4}}}},"statementMap":{"1":{"start":{"line":18,"column":8},"end":{"line":18,"column":73}},"2":{"start":{"line":23,"column":8},"end":{"line":23,"column":49}},"3":{"start":{"line":28,"column":8},"end":{"line":28,"column":91}},"4":{"start":{"line":42,"column":4},"end":{"line":42,"column":1327}},"5":{"start":{"line":43,"column":8},"end":{"line":43,"column":16}},"6":{"start":{"line":45,"column":4},"end":{"line":45,"column":80}},"7":{"start":{"line":55,"column":4},"end":{"line":55,"column":51}},"8":{"start":{"line":56,"column":4},"end":{"line":56,"column":44}},"9":{"start":{"line":57,"column":4},"end":{"line":57,"column":71}},"10":{"start":{"line":58,"column":4},"end":{"line":58,"column":74}},"11":{"start":{"line":62,"column":4},"end":{"line":62,"column":75}},"12":{"start":{"line":65,"column":4},"end":{"line":65,"column":2332}},"13":{"start":{"line":66,"column":8},"end":{"line":66,"column":61}},"14":{"start":{"line":70,"column":4},"end":{"line":70,"column":105}},"15":{"start":{"line":72,"column":4},"end":{"line":72,"column":40}},"16":{"start":{"line":77,"column":4},"end":{"line":77,"column":48}},"17":{"start":{"line":87,"column":8},"end":{"line":87,"column":35}}},"branchMap":{"1":{"line":18,"type":"if","locations":[{"start":{"line":18,"column":8},"end":{"line":18,"column":8}},{"start":{"line":18,"column":8},"end":{"line":18,"column":8}}]},"2":{"line":23,"type":"if","locations":[{"start":{"line":23,"column":8},"end":{"line":23,"column":8}},{"start":{"line":23,"column":8},"end":{"line":23,"column":8}}]},"3":{"line":28,"type":"if","locations":[{"start":{"line":28,"column":8},"end":{"line":28,"column":8}},{"start":{"line":28,"column":8},"end":{"line":28,"column":8}}]},"4":{"line":42,"type":"if","locations":[{"start":{"line":42,"column":4},"end":{"line":42,"column":4}},{"start":{"line":42,"column":4},"end":{"line":42,"column":4}}]},"5":{"line":54,"type":"if","locations":[{"start":{"line":54,"column":34},"end":{"line":54,"column":34}},{"start":{"line":54,"column":34},"end":{"line":54,"column":34}}]},"6":{"line":54,"type":"if","locations":[{"start":{"line":54,"column":48},"end":{"line":54,"column":48}},{"start":{"line":54,"column":48},"end":{"line":54,"column":48}}]},"7":{"line":55,"type":"if","locations":[{"start":{"line":55,"column":4},"end":{"line":55,"column":4}},{"start":{"line":55,"column":4},"end":{"line":55,"column":4}}]},"8":{"line":57,"type":"if","locations":[{"start":{"line":57,"column":4},"end":{"line":57,"column":4}},{"start":{"line":57,"column":4},"end":{"line":57,"column":4}}]},"9":{"line":58,"type":"if","locations":[{"start":{"line":58,"column":4},"end":{"line":58,"column":4}},{"start":{"line":58,"column":4},"end":{"line":58,"column":4}}]},"10":{"line":62,"type":"if","locations":[{"start":{"line":62,"column":4},"end":{"line":62,"column":4}},{"start":{"line":62,"column":4},"end":{"line":62,"column":4}}]},"11":{"line":65,"type":"if","locations":[{"start":{"line":65,"column":4},"end":{"line":65,"column":4}},{"start":{"line":65,"column":4},"end":{"line":65,"column":4}}]},"12":{"line":70,"type":"if","locations":[{"start":{"line":70,"column":4},"end":{"line":70,"column":4}},{"start":{"line":70,"column":4},"end":{"line":70,"column":4}}]},"13":{"line":81,"type":"if","locations":[{"start":{"line":81,"column":33},"end":{"line":81,"column":33}},{"start":{"line":81,"column":33},"end":{"line":81,"column":33}}]}}}}
