TN:
SF:/Users/riteesh/Desktop/GitHubMain/v1.0/dutchAuction-hardhat/contracts/BasicDutchAuction.sol
FN:17,onlyOwner
FN:22,onlyBeforeEnd
FN:27,onlyWhileOpen
FN:32,constructor
FN:41,getCurrentPrice
FN:54,bid
FN:81,endAuction
FNF:7
FNH:7
FNDA:3,onlyOwner
FNDA:13,onlyBeforeEnd
FNDA:12,onlyWhileOpen
FNDA:42,constructor
FNDA:15,getCurrentPrice
FNDA:11,bid
FNDA:2,endAuction
DA:18,3
DA:19,2
DA:23,13
DA:24,12
DA:28,12
DA:29,11
DA:33,42
DA:34,42
DA:35,42
DA:36,42
DA:37,42
DA:38,42
DA:39,42
DA:42,15
DA:43,1
DA:45,14
DA:55,11
DA:56,10
DA:57,10
DA:58,9
DA:62,9
DA:65,9
DA:66,8
DA:70,9
DA:72,9
DA:73,9
DA:74,9
DA:75,9
DA:77,9
DA:82,2
DA:83,2
DA:84,2
DA:85,2
DA:87,2
LF:34
LH:34
BRDA:18,1,0,2
BRDA:18,1,1,1
BRDA:23,2,0,12
BRDA:23,2,1,1
BRDA:28,3,0,11
BRDA:28,3,1,1
BRDA:42,4,0,1
BRDA:42,4,1,14
BRDA:54,5,0,12
BRDA:54,5,1,1
BRDA:54,6,0,11
BRDA:54,6,1,1
BRDA:55,7,0,10
BRDA:55,7,1,1
BRDA:57,8,0,9
BRDA:57,8,1,1
BRDA:58,9,0,9
BRDA:58,9,1,0
BRDA:62,10,0,9
BRDA:62,10,1,0
BRDA:65,11,0,8
BRDA:65,11,1,1
BRDA:70,12,0,9
BRDA:70,12,1,0
BRDA:81,13,0,2
BRDA:81,13,1,1
BRF:26
BRH:23
end_of_record
