{"contracts/ERC721Auction.sol":{"l":{"34":63,"35":62,"39":61,"42":60,"43":60,"44":60,"45":60,"46":60,"47":60,"48":60,"49":60,"51":60,"55":15,"56":13,"57":13,"59":2,"75":13,"76":13,"77":12,"78":9,"81":7,"82":1,"83":1,"88":7,"89":7,"91":7,"97":5,"99":5,"101":3,"103":3,"104":2,"105":2},"path":"/Users/riteesh/Desktop/GitHubMain/v1.0/v2.0/contracts/ERC721Auction.sol","s":{"1":63,"2":62,"3":61,"4":60,"5":15,"6":13,"7":13,"8":2,"9":13,"10":13,"11":12,"12":9,"13":7,"14":1,"15":1,"16":7,"17":5,"18":5,"19":3,"20":3,"21":2},"b":{"1":[62,1],"2":[61,1],"3":[60,1],"4":[13,2],"5":[13,0],"6":[13,0],"7":[12,1],"8":[9,3],"9":[7,2],"10":[1,6],"11":[5,0],"12":[3,2]},"f":{"1":63,"2":15,"3":13,"4":5},"fnMap":{"1":{"name":"constructor","line":26,"loc":{"start":{"line":26,"column":4},"end":{"line":52,"column":4}}},"2":{"name":"getCurrentPrice","line":54,"loc":{"start":{"line":54,"column":4},"end":{"line":63,"column":4}}},"3":{"name":"bid","line":73,"loc":{"start":{"line":73,"column":4},"end":{"line":92,"column":4}}},"4":{"name":"endAuction","line":95,"loc":{"start":{"line":95,"column":4},"end":{"line":106,"column":4}}}},"statementMap":{"1":{"start":{"line":34,"column":8},"end":{"line":34,"column":75}},"2":{"start":{"line":35,"column":8},"end":{"line":35,"column":90}},"3":{"start":{"line":39,"column":8},"end":{"line":39,"column":88}},"4":{"start":{"line":51,"column":8},"end":{"line":51,"column":39}},"5":{"start":{"line":55,"column":8},"end":{"line":55,"column":1941}},"6":{"start":{"line":56,"column":12},"end":{"line":56,"column":81}},"7":{"start":{"line":57,"column":12},"end":{"line":57,"column":81}},"8":{"start":{"line":59,"column":12},"end":{"line":59,"column":29}},"9":{"start":{"line":75,"column":8},"end":{"line":75,"column":50}},"10":{"start":{"line":76,"column":8},"end":{"line":76,"column":86}},"11":{"start":{"line":77,"column":8},"end":{"line":77,"column":85}},"12":{"start":{"line":78,"column":8},"end":{"line":78,"column":65}},"13":{"start":{"line":81,"column":8},"end":{"line":81,"column":2849}},"14":{"start":{"line":82,"column":12},"end":{"line":82,"column":54}},"15":{"start":{"line":83,"column":12},"end":{"line":83,"column":55}},"16":{"start":{"line":91,"column":8},"end":{"line":91,"column":42}},"17":{"start":{"line":97,"column":8},"end":{"line":97,"column":58}},"18":{"start":{"line":99,"column":8},"end":{"line":99,"column":63}},"19":{"start":{"line":101,"column":8},"end":{"line":101,"column":44}},"20":{"start":{"line":103,"column":8},"end":{"line":103,"column":64}},"21":{"start":{"line":105,"column":8},"end":{"line":105,"column":52}}},"branchMap":{"1":{"line":34,"type":"if","locations":[{"start":{"line":34,"column":8},"end":{"line":34,"column":8}},{"start":{"line":34,"column":8},"end":{"line":34,"column":8}}]},"2":{"line":35,"type":"if","locations":[{"start":{"line":35,"column":8},"end":{"line":35,"column":8}},{"start":{"line":35,"column":8},"end":{"line":35,"column":8}}]},"3":{"line":39,"type":"if","locations":[{"start":{"line":39,"column":8},"end":{"line":39,"column":8}},{"start":{"line":39,"column":8},"end":{"line":39,"column":8}}]},"4":{"line":55,"type":"if","locations":[{"start":{"line":55,"column":8},"end":{"line":55,"column":8}},{"start":{"line":55,"column":8},"end":{"line":55,"column":8}}]},"5":{"line":57,"type":"if","locations":[{"start":{"line":57,"column":44},"end":{"line":57,"column":65}},{"start":{"line":57,"column":69},"end":{"line":57,"column":80}}]},"6":{"line":75,"type":"if","locations":[{"start":{"line":75,"column":8},"end":{"line":75,"column":8}},{"start":{"line":75,"column":8},"end":{"line":75,"column":8}}]},"7":{"line":76,"type":"if","locations":[{"start":{"line":76,"column":8},"end":{"line":76,"column":8}},{"start":{"line":76,"column":8},"end":{"line":76,"column":8}}]},"8":{"line":77,"type":"if","locations":[{"start":{"line":77,"column":8},"end":{"line":77,"column":8}},{"start":{"line":77,"column":8},"end":{"line":77,"column":8}}]},"9":{"line":78,"type":"if","locations":[{"start":{"line":78,"column":8},"end":{"line":78,"column":8}},{"start":{"line":78,"column":8},"end":{"line":78,"column":8}}]},"10":{"line":81,"type":"if","locations":[{"start":{"line":81,"column":8},"end":{"line":81,"column":8}},{"start":{"line":81,"column":8},"end":{"line":81,"column":8}}]},"11":{"line":97,"type":"if","locations":[{"start":{"line":97,"column":8},"end":{"line":97,"column":8}},{"start":{"line":97,"column":8},"end":{"line":97,"column":8}}]},"12":{"line":99,"type":"if","locations":[{"start":{"line":99,"column":8},"end":{"line":99,"column":8}},{"start":{"line":99,"column":8},"end":{"line":99,"column":8}}]}}},"contracts/MockERC721.sol":{"l":{"10":19},"path":"/Users/riteesh/Desktop/GitHubMain/v1.0/v2.0/contracts/MockERC721.sol","s":{"1":19},"b":{},"f":{"1":57,"2":19},"fnMap":{"1":{"name":"constructor","line":7,"loc":{"start":{"line":7,"column":4},"end":{"line":7,"column":80}}},"2":{"name":"mint","line":9,"loc":{"start":{"line":9,"column":4},"end":{"line":11,"column":4}}}},"statementMap":{"1":{"start":{"line":10,"column":8},"end":{"line":10,"column":25}}},"branchMap":{}}}