{"contracts/ERC721Auction.sol":{"l":{"34":54,"35":53,"39":52,"42":51,"43":51,"44":51,"45":51,"46":51,"47":51,"48":51,"49":51,"51":51,"55":13,"56":11,"57":11,"59":2,"75":11,"76":11,"77":10,"78":7,"81":5,"82":1,"83":1,"88":5,"89":5,"91":5,"97":2,"99":2,"101":1,"103":1,"104":1,"105":1},"path":"/Users/riteesh/Desktop/GitHubMain/v1.0/v2.0/contracts/ERC721Auction.sol","s":{"1":54,"2":53,"3":52,"4":51,"5":13,"6":11,"7":11,"8":2,"9":11,"10":11,"11":10,"12":7,"13":5,"14":1,"15":1,"16":5,"17":2,"18":2,"19":1,"20":1,"21":1},"b":{"1":[53,1],"2":[52,1],"3":[51,1],"4":[11,2],"5":[11,0],"6":[11,0],"7":[10,1],"8":[7,3],"9":[5,2],"10":[1,4],"11":[2,0],"12":[1,1]},"f":{"1":54,"2":13,"3":11,"4":2},"fnMap":{"1":{"name":"constructor","line":26,"loc":{"start":{"line":26,"column":4},"end":{"line":52,"column":4}}},"2":{"name":"getCurrentPrice","line":54,"loc":{"start":{"line":54,"column":4},"end":{"line":63,"column":4}}},"3":{"name":"bid","line":73,"loc":{"start":{"line":73,"column":4},"end":{"line":92,"column":4}}},"4":{"name":"endAuction","line":95,"loc":{"start":{"line":95,"column":4},"end":{"line":106,"column":4}}}},"statementMap":{"1":{"start":{"line":34,"column":8},"end":{"line":34,"column":75}},"2":{"start":{"line":35,"column":8},"end":{"line":35,"column":90}},"3":{"start":{"line":39,"column":8},"end":{"line":39,"column":88}},"4":{"start":{"line":51,"column":8},"end":{"line":51,"column":39}},"5":{"start":{"line":55,"column":8},"end":{"line":55,"column":1941}},"6":{"start":{"line":56,"column":12},"end":{"line":56,"column":81}},"7":{"start":{"line":57,"column":12},"end":{"line":57,"column":81}},"8":{"start":{"line":59,"column":12},"end":{"line":59,"column":29}},"9":{"start":{"line":75,"column":8},"end":{"line":75,"column":50}},"10":{"start":{"line":76,"column":8},"end":{"line":76,"column":86}},"11":{"start":{"line":77,"column":8},"end":{"line":77,"column":85}},"12":{"start":{"line":78,"column":8},"end":{"line":78,"column":65}},"13":{"start":{"line":81,"column":8},"end":{"line":81,"column":2849}},"14":{"start":{"line":82,"column":12},"end":{"line":82,"column":54}},"15":{"start":{"line":83,"column":12},"end":{"line":83,"column":55}},"16":{"start":{"line":91,"column":8},"end":{"line":91,"column":42}},"17":{"start":{"line":97,"column":8},"end":{"line":97,"column":58}},"18":{"start":{"line":99,"column":8},"end":{"line":99,"column":63}},"19":{"start":{"line":101,"column":8},"end":{"line":101,"column":44}},"20":{"start":{"line":103,"column":8},"end":{"line":103,"column":64}},"21":{"start":{"line":105,"column":8},"end":{"line":105,"column":52}}},"branchMap":{"1":{"line":34,"type":"if","locations":[{"start":{"line":34,"column":8},"end":{"line":34,"column":8}},{"start":{"line":34,"column":8},"end":{"line":34,"column":8}}]},"2":{"line":35,"type":"if","locations":[{"start":{"line":35,"column":8},"end":{"line":35,"column":8}},{"start":{"line":35,"column":8},"end":{"line":35,"column":8}}]},"3":{"line":39,"type":"if","locations":[{"start":{"line":39,"column":8},"end":{"line":39,"column":8}},{"start":{"line":39,"column":8},"end":{"line":39,"column":8}}]},"4":{"line":55,"type":"if","locations":[{"start":{"line":55,"column":8},"end":{"line":55,"column":8}},{"start":{"line":55,"column":8},"end":{"line":55,"column":8}}]},"5":{"line":57,"type":"if","locations":[{"start":{"line":57,"column":44},"end":{"line":57,"column":65}},{"start":{"line":57,"column":69},"end":{"line":57,"column":80}}]},"6":{"line":75,"type":"if","locations":[{"start":{"line":75,"column":8},"end":{"line":75,"column":8}},{"start":{"line":75,"column":8},"end":{"line":75,"column":8}}]},"7":{"line":76,"type":"if","locations":[{"start":{"line":76,"column":8},"end":{"line":76,"column":8}},{"start":{"line":76,"column":8},"end":{"line":76,"column":8}}]},"8":{"line":77,"type":"if","locations":[{"start":{"line":77,"column":8},"end":{"line":77,"column":8}},{"start":{"line":77,"column":8},"end":{"line":77,"column":8}}]},"9":{"line":78,"type":"if","locations":[{"start":{"line":78,"column":8},"end":{"line":78,"column":8}},{"start":{"line":78,"column":8},"end":{"line":78,"column":8}}]},"10":{"line":81,"type":"if","locations":[{"start":{"line":81,"column":8},"end":{"line":81,"column":8}},{"start":{"line":81,"column":8},"end":{"line":81,"column":8}}]},"11":{"line":97,"type":"if","locations":[{"start":{"line":97,"column":8},"end":{"line":97,"column":8}},{"start":{"line":97,"column":8},"end":{"line":97,"column":8}}]},"12":{"line":99,"type":"if","locations":[{"start":{"line":99,"column":8},"end":{"line":99,"column":8}},{"start":{"line":99,"column":8},"end":{"line":99,"column":8}}]}}},"contracts/MockERC721.sol":{"l":{"10":16},"path":"/Users/riteesh/Desktop/GitHubMain/v1.0/v2.0/contracts/MockERC721.sol","s":{"1":16},"b":{},"f":{"1":48,"2":16},"fnMap":{"1":{"name":"constructor","line":7,"loc":{"start":{"line":7,"column":4},"end":{"line":7,"column":80}}},"2":{"name":"mint","line":9,"loc":{"start":{"line":9,"column":4},"end":{"line":11,"column":4}}}},"statementMap":{"1":{"start":{"line":10,"column":8},"end":{"line":10,"column":25}}},"branchMap":{}}}