{
"contracts/ERC721Auction.sol":{"l":{"33":51,"34":50,"39":49,"42":48,"43":48,"44":48,"45":48,"46":48,"47":48,"48":48,"49":48,"51":48,"55":33,"56":32,"57":32,"59":1,"75":14,"76":11,"77":10,"78":8,"81":7,"82":0,"86":7,"89":7,"90":7,"93":7,"98":9,"101":8,"104":7,"107":7,"109":7,"111":7},"path":"/Users/riteesh/Desktop/GitHubMain/v1.0/v2.0/contracts/ERC721Auction.sol","s":{"1":51,"2":50,"3":49,"4":48,"5":33,"6":32,"7":32,"8":1,"9":14,"10":11,"11":10,"12":8,"13":7,"14":0,"15":7,"16":7,"17":7,"18":9,"19":8,"20":7,"21":7,"22":7},"b":{"1":[50,1],"2":[49,1],"3":[48,1],"4":[32,1],"5":[32,0],"6":[11,3],"7":[10,1],"8":[8,2],"9":[7,1],"10":[0,7],"11":[7,0],"12":[8,1],"13":[7,1]},"f":{"1":51,"2":33,"3":14,"4":9},"fnMap":{"1":{"name":"constructor","line":24,"loc":{"start":{"line":24,"column":4},"end":{"line":52,"column":4}}},"2":{"name":"getCurrentPrice","line":54,"loc":{"start":{"line":54,"column":4},"end":{"line":63,"column":4}}},"3":{"name":"bid","line":73,"loc":{"start":{"line":73,"column":4},"end":{"line":94,"column":4}}},"4":{"name":"endAuction","line":96,"loc":{"start":{"line":96,"column":4},"end":{"line":112,"column":4}}}},"statementMap":{"1":{"start":{"line":33,"column":8},"end":{"line":33,"column":75}},"2":{"start":{"line":34,"column":8},"end":{"line":34,"column":90}},"3":{"start":{"line":39,"column":8},"end":{"line":39,"column":88}},"4":{"start":{"line":51,"column":8},"end":{"line":51,"column":39}},"5":{"start":{"line":55,"column":8},"end":{"line":55,"column":1954}},"6":{"start":{"line":56,"column":12},"end":{"line":56,"column":81}},"7":{"start":{"line":57,"column":12},"end":{"line":57,"column":81}},"8":{"start":{"line":59,"column":12},"end":{"line":59,"column":29}},"9":{"start":{"line":75,"column":8},"end":{"line":75,"column":50}},"10":{"start":{"line":76,"column":8},"end":{"line":76,"column":86}},"11":{"start":{"line":77,"column":8},"end":{"line":77,"column":85}},"12":{"start":{"line":78,"column":8},"end":{"line":78,"column":65}},"13":{"start":{"line":81,"column":8},"end":{"line":81,"column":2862}},"14":{"start":{"line":82,"column":12},"end":{"line":82,"column":61}},"15":{"start":{"line":89,"column":8},"end":{"line":89,"column":3117}},"16":{"start":{"line":90,"column":12},"end":{"line":90,"column":23}},"17":{"start":{"line":93,"column":8},"end":{"line":93,"column":42}},"18":{"start":{"line":98,"column":8},"end":{"line":98,"column":58}},"19":{"start":{"line":101,"column":8},"end":{"line":101,"column":63}},"20":{"start":{"line":104,"column":8},"end":{"line":104,"column":51}},"21":{"start":{"line":107,"column":8},"end":{"line":107,"column":64}},"22":{"start":{"line":111,"column":8},"end":{"line":111,"column":59}}},"branchMap":{"1":{"line":33,"type":"if","locations":[{"start":{"line":33,"column":8},"end":{"line":33,"column":8}},{"start":{"line":33,"column":8},"end":{"line":33,"column":8}}]},"2":{"line":34,"type":"if","locations":[{"start":{"line":34,"column":8},"end":{"line":34,"column":8}},{"start":{"line":34,"column":8},"end":{"line":34,"column":8}}]},"3":{"line":39,"type":"if","locations":[{"start":{"line":39,"column":8},"end":{"line":39,"column":8}},{"start":{"line":39,"column":8},"end":{"line":39,"column":8}}]},"4":{"line":55,"type":"if","locations":[{"start":{"line":55,"column":8},"end":{"line":55,"column":8}},{"start":{"line":55,"column":8},"end":{"line":55,"column":8}}]},"5":{"line":57,"type":"if","locations":[{"start":{"line":57,"column":44},"end":{"line":57,"column":65}},{"start":{"line":57,"column":69},"end":{"line":57,"column":80}}]},"6":{"line":75,"type":"if","locations":[{"start":{"line":75,"column":8},"end":{"line":75,"column":8}},{"start":{"line":75,"column":8},"end":{"line":75,"column":8}}]},"7":{"line":76,"type":"if","locations":[{"start":{"line":76,"column":8},"end":{"line":76,"column":8}},{"start":{"line":76,"column":8},"end":{"line":76,"column":8}}]},"8":{"line":77,"type":"if","locations":[{"start":{"line":77,"column":8},"end":{"line":77,"column":8}},{"start":{"line":77,"column":8},"end":{"line":77,"column":8}}]},"9":{"line":78,"type":"if","locations":[{"start":{"line":78,"column":8},"end":{"line":78,"column":8}},{"start":{"line":78,"column":8},"end":{"line":78,"column":8}}]},"10":{"line":81,"type":"if","locations":[{"start":{"line":81,"column":8},"end":{"line":81,"column":8}},{"start":{"line":81,"column":8},"end":{"line":81,"column":8}}]},"11":{"line":89,"type":"if","locations":[{"start":{"line":89,"column":8},"end":{"line":89,"column":8}},{"start":{"line":89,"column":8},"end":{"line":89,"column":8}}]},"12":{"line":98,"type":"if","locations":[{"start":{"line":98,"column":8},"end":{"line":98,"column":8}},{"start":{"line":98,"column":8},"end":{"line":98,"column":8}}]},"13":{"line":101,"type":"if","locations":[{"start":{"line":101,"column":8},"end":{"line":101,"column":8}},{"start":{"line":101,"column":8},"end":{"line":101,"column":8}}]}}},
"contracts/MockERC721.sol":{"l":{"10":16},"path":"/Users/riteesh/Desktop/GitHubMain/v1.0/v2.0/contracts/MockERC721.sol","s":{"1":16},"b":{},"f":{"1":48,"2":16},"fnMap":{"1":{"name":"constructor","line":7,"loc":{"start":{"line":7,"column":4},"end":{"line":7,"column":80}}},"2":{"name":"mint","line":9,"loc":{"start":{"line":9,"column":4},"end":{"line":11,"column":4}}}},"statementMap":{"1":{"start":{"line":10,"column":8},"end":{"line":10,"column":25}}},"branchMap":{}}}
