TN:
SF:/Users/riteesh/Desktop/GitHubMain/v1.0/v2.0/contracts/ERC721Auction.sol
FN:26,constructor
FN:54,getCurrentPrice
FN:73,bid
FN:95,endAuction
FNF:4
FNH:4
FNDA:54,constructor
FNDA:13,getCurrentPrice
FNDA:11,bid
FNDA:2,endAuction
DA:34,54
DA:35,53
DA:39,52
DA:42,51
DA:43,51
DA:44,51
DA:45,51
DA:46,51
DA:47,51
DA:48,51
DA:49,51
DA:51,51
DA:55,13
DA:56,11
DA:57,11
DA:59,2
DA:75,11
DA:76,11
DA:77,10
DA:78,7
DA:81,5
DA:82,1
DA:83,1
DA:88,5
DA:89,5
DA:91,5
DA:97,2
DA:99,2
DA:101,1
DA:103,1
DA:104,1
DA:105,1
LF:32
LH:32
BRDA:34,1,0,53
BRDA:34,1,1,1
BRDA:35,2,0,52
BRDA:35,2,1,1
BRDA:39,3,0,51
BRDA:39,3,1,1
BRDA:55,4,0,11
BRDA:55,4,1,2
BRDA:57,5,0,11
BRDA:57,5,1,0
BRDA:75,6,0,11
BRDA:75,6,1,0
BRDA:76,7,0,10
BRDA:76,7,1,1
BRDA:77,8,0,7
BRDA:77,8,1,3
BRDA:78,9,0,5
BRDA:78,9,1,2
BRDA:81,10,0,1
BRDA:81,10,1,4
BRDA:97,11,0,2
BRDA:97,11,1,0
BRDA:99,12,0,1
BRDA:99,12,1,1
BRF:24
BRH:21
end_of_record
TN:
SF:/Users/riteesh/Desktop/GitHubMain/v1.0/v2.0/contracts/MockERC721.sol
FN:7,constructor
FN:9,mint
FNF:2
FNH:2
FNDA:48,constructor
FNDA:16,mint
DA:10,16
LF:1
LH:1
BRF:0
BRH:0
end_of_record
