TN:
SF:/Users/riteesh/Desktop/GitHubMain/v1.0/v2.0/contracts/ERC721Auction.sol
FN:24,constructor
FN:54,getCurrentPrice
FN:73,bid
FN:96,endAuction
FNF:4
FNH:4
FNDA:51,constructor
FNDA:33,getCurrentPrice
FNDA:14,bid
FNDA:9,endAuction
DA:33,51
DA:34,50
DA:39,49
DA:42,48
DA:43,48
DA:44,48
DA:45,48
DA:46,48
DA:47,48
DA:48,48
DA:49,48
DA:51,48
DA:55,33
DA:56,32
DA:57,32
DA:59,1
DA:75,14
DA:76,11
DA:77,10
DA:78,8
DA:81,7
DA:82,0
DA:86,7
DA:89,7
DA:90,7
DA:93,7
DA:98,9
DA:101,8
DA:104,7
DA:107,7
DA:109,7
DA:111,7
LF:32
LH:31
BRDA:33,1,0,50
BRDA:33,1,1,1
BRDA:34,2,0,49
BRDA:34,2,1,1
BRDA:39,3,0,48
BRDA:39,3,1,1
BRDA:55,4,0,32
BRDA:55,4,1,1
BRDA:57,5,0,32
BRDA:57,5,1,0
BRDA:75,6,0,11
BRDA:75,6,1,3
BRDA:76,7,0,10
BRDA:76,7,1,1
BRDA:77,8,0,8
BRDA:77,8,1,2
BRDA:78,9,0,7
BRDA:78,9,1,1
BRDA:81,10,0,0
BRDA:81,10,1,7
BRDA:89,11,0,7
BRDA:89,11,1,0
BRDA:98,12,0,8
BRDA:98,12,1,1
BRDA:101,13,0,7
BRDA:101,13,1,1
BRF:26
BRH:23
end_of_record
TN:
SF:/Users/riteesh/Desktop/GitHubMain/v1.0/v2.0/contracts/MockERC721.sol
FN:7,constructor
FN:9,mint
FNF:2
FNH:2
FNDA:48,constructor
FNDA:16,mint
DA:10,16
LF:1
LH:1
BRF:0
BRH:0
end_of_record
